Added Component: Designator=E1(LSF_SMT_3_5_90_02)
Add component. Clean all parameters for all variants
Add component (AddParameter): Name = "Colour"; Value = "Black"; VariantName = "[No Variations]"
Add component (AddParameter): Name = "ComponentLink1Description"; Value = "Manufacturer URL"; VariantName = "[No Variations]"
Add component (AddParameter): Name = "ComponentLink1URL"; Value = "http://www.weidmueller.com/"; VariantName = "[No Variations]"
Add component (AddParameter): Name = "ComponentLink2Description"; Value = "URL Link1"; VariantName = "[No Variations]"
Add component (AddParameter): Name = "ComponentLink2URL"; Value = "http://catalog.weidmueller.com/catalog/Start.do?localeId=en&ObjectID=1824420000"; VariantName = "[No Variations]"
Add component (AddParameter): Name = "Contact_material"; Value = "Cu-Leg"; VariantName = "[No Variations]"
Add component (AddParameter): Name = "Contact_surface"; Value = "tinned"; VariantName = "[No Variations]"
Add component (AddParameter): Name = "Insulating_material"; Value = "LCP GF"; VariantName = "[No Variations]"
Add component (AddParameter): Name = "Manufacturer"; Value = "Weidmueller"; VariantName = "[No Variations]"
Add component (AddParameter): Name = "Mounting_onto_the_PCB"; Value = "Reflow solder connection"; VariantName = "[No Variations]"
Add component (AddParameter): Name = "No_of_poles"; Value = "2"; VariantName = "[No Variations]"
Add component (AddParameter): Name = "PackageReference"; Value = "LSF_SMT_3_5_90_02"; VariantName = "[No Variations]"
Add component (AddParameter): Name = "Packaging"; Value = "Tube"; VariantName = "[No Variations]"
Add component (AddParameter): Name = "PartNumber"; Value = "1824420000"; VariantName = "[No Variations]"
Add component (AddParameter): Name = "Pitch_inch"; Value = "0,138 inch"; VariantName = "[No Variations]"
Add component (AddParameter): Name = "Pitch_mm"; Value = "3,5 mm"; VariantName = "[No Variations]"
Add component (AddParameter): Name = "Qty"; Value = "71 PCS"; VariantName = "[No Variations]"
Add component (AddParameter): Name = "Rated_current_min_no_of_poles_TU_20_deg_C"; Value = "19 A"; VariantName = "[No Variations]"
Add component (AddParameter): Name = "Rated_current_use_group_B_UL_1059"; Value = "12 A"; VariantName = "[No Variations]"
Add component (AddParameter): Name = "Rated_voltage_for_surge_voltage_class_pollution_degree_II_2"; Value = "320 V"; VariantName = "[No Variations]"
Add component (AddParameter): Name = "Rated_voltage_use_group_B_UL_1059"; Value = "300 V"; VariantName = "[No Variations]"
Add component (AddParameter): Name = "Revision"; Value = "V1"; VariantName = "[No Variations]"
Add component (AddParameter): Name = "Short_text_for_material"; Value = "LSF-SMT 3.50/02/90 3.5SN BK TU"; VariantName = "[No Variations]"
Add component (AddParameter): Name = "Side_termination_characteristic"; Value = "closed side"; VariantName = "[No Variations]"
Add component (AddParameter): Name = "Solder_pin_length_mm"; Value = "3,5 mm"; VariantName = "[No Variations]"
Add component (AddParameter): Name = "Solid_max_H05_07_V_U"; Value = "1,5 mm²"; VariantName = "[No Variations]"
Add component (AddParameter): Name = "Solid_min_H05_07_V_U"; Value = "0,2 mm²"; VariantName = "[No Variations]"
Add component (AddParameter): Name = "UL_94_flammability_rating"; Value = "V-0"; VariantName = "[No Variations]"
Add component (AddParameter): Name = "Wire_cross_section_AWG_max_UL_1059"; Value = "AWG 16"; VariantName = "[No Variations]"
Add component (AddParameter): Name = "Wire_cross_section_AWG_min_UL_1059"; Value = "AWG 24"; VariantName = "[No Variations]"
Added Component: Designator=E2(LSF_SMT_3_81_90_04)
Add component. Clean all parameters for all variants
Add component (AddParameter): Name = "Colour"; Value = "Black"; VariantName = "[No Variations]"
Add component (AddParameter): Name = "ComponentLink1Description"; Value = "Manufacturer URL"; VariantName = "[No Variations]"
Add component (AddParameter): Name = "ComponentLink1URL"; Value = "http://www.weidmueller.com/"; VariantName = "[No Variations]"
Add component (AddParameter): Name = "ComponentLink2Description"; Value = "URL Link1"; VariantName = "[No Variations]"
Add component (AddParameter): Name = "ComponentLink2URL"; Value = "http://catalog.weidmueller.com/catalog/Start.do?localeId=en&ObjectID=1824640000"; VariantName = "[No Variations]"
Add component (AddParameter): Name = "Contact_material"; Value = "Cu-Leg"; VariantName = "[No Variations]"
Add component (AddParameter): Name = "Contact_surface"; Value = "tinned"; VariantName = "[No Variations]"
Add component (AddParameter): Name = "Insulating_material"; Value = "LCP GF"; VariantName = "[No Variations]"
Add component (AddParameter): Name = "Manufacturer"; Value = "Weidmueller"; VariantName = "[No Variations]"
Add component (AddParameter): Name = "Mounting_onto_the_PCB"; Value = "Reflow solder connection"; VariantName = "[No Variations]"
Add component (AddParameter): Name = "No_of_poles"; Value = "4"; VariantName = "[No Variations]"
Add component (AddParameter): Name = "PackageReference"; Value = "LSF_SMT_3_81_90_04"; VariantName = "[No Variations]"
Add component (AddParameter): Name = "Packaging"; Value = "Tube"; VariantName = "[No Variations]"
Add component (AddParameter): Name = "PartNumber"; Value = "1824640000"; VariantName = "[No Variations]"
Add component (AddParameter): Name = "Pitch_inch"; Value = "0,15 inch"; VariantName = "[No Variations]"
Add component (AddParameter): Name = "Pitch_mm"; Value = "3,81 mm"; VariantName = "[No Variations]"
Add component (AddParameter): Name = "Qty"; Value = "35 PCS"; VariantName = "[No Variations]"
Add component (AddParameter): Name = "Rated_current_min_no_of_poles_TU_20_deg_C"; Value = "19 A"; VariantName = "[No Variations]"
Add component (AddParameter): Name = "Rated_current_use_group_B_UL_1059"; Value = "12 A"; VariantName = "[No Variations]"
Add component (AddParameter): Name = "Rated_voltage_for_surge_voltage_class_pollution_degree_II_2"; Value = "320 V"; VariantName = "[No Variations]"
Add component (AddParameter): Name = "Rated_voltage_use_group_B_UL_1059"; Value = "300 V"; VariantName = "[No Variations]"
Add component (AddParameter): Name = "Revision"; Value = "V1"; VariantName = "[No Variations]"
Add component (AddParameter): Name = "Short_text_for_material"; Value = "LSF-SMT 3.81/04/90 3.5SN BK TU"; VariantName = "[No Variations]"
Add component (AddParameter): Name = "Side_termination_characteristic"; Value = "closed side"; VariantName = "[No Variations]"
Add component (AddParameter): Name = "Solder_pin_length_mm"; Value = "3,5 mm"; VariantName = "[No Variations]"
Add component (AddParameter): Name = "Solid_max_H05_07_V_U"; Value = "1,5 mm²"; VariantName = "[No Variations]"
Add component (AddParameter): Name = "Solid_min_H05_07_V_U"; Value = "0,2 mm²"; VariantName = "[No Variations]"
Add component (AddParameter): Name = "UL_94_flammability_rating"; Value = "V-0"; VariantName = "[No Variations]"
Add component (AddParameter): Name = "Wire_cross_section_AWG_max_UL_1059"; Value = "AWG 16"; VariantName = "[No Variations]"
Add component (AddParameter): Name = "Wire_cross_section_AWG_min_UL_1059"; Value = "AWG 24"; VariantName = "[No Variations]"
Added Component: Designator=E3(LSF_SMT_3_81_90_04)
Add component. Clean all parameters for all variants
Add component (AddParameter): Name = "Colour"; Value = "Black"; VariantName = "[No Variations]"
Add component (AddParameter): Name = "ComponentLink1Description"; Value = "Manufacturer URL"; VariantName = "[No Variations]"
Add component (AddParameter): Name = "ComponentLink1URL"; Value = "http://www.weidmueller.com/"; VariantName = "[No Variations]"
Add component (AddParameter): Name = "ComponentLink2Description"; Value = "URL Link1"; VariantName = "[No Variations]"
Add component (AddParameter): Name = "ComponentLink2URL"; Value = "http://catalog.weidmueller.com/catalog/Start.do?localeId=en&ObjectID=1824640000"; VariantName = "[No Variations]"
Add component (AddParameter): Name = "Contact_material"; Value = "Cu-Leg"; VariantName = "[No Variations]"
Add component (AddParameter): Name = "Contact_surface"; Value = "tinned"; VariantName = "[No Variations]"
Add component (AddParameter): Name = "Insulating_material"; Value = "LCP GF"; VariantName = "[No Variations]"
Add component (AddParameter): Name = "Manufacturer"; Value = "Weidmueller"; VariantName = "[No Variations]"
Add component (AddParameter): Name = "Mounting_onto_the_PCB"; Value = "Reflow solder connection"; VariantName = "[No Variations]"
Add component (AddParameter): Name = "No_of_poles"; Value = "4"; VariantName = "[No Variations]"
Add component (AddParameter): Name = "PackageReference"; Value = "LSF_SMT_3_81_90_04"; VariantName = "[No Variations]"
Add component (AddParameter): Name = "Packaging"; Value = "Tube"; VariantName = "[No Variations]"
Add component (AddParameter): Name = "PartNumber"; Value = "1824640000"; VariantName = "[No Variations]"
Add component (AddParameter): Name = "Pitch_inch"; Value = "0,15 inch"; VariantName = "[No Variations]"
Add component (AddParameter): Name = "Pitch_mm"; Value = "3,81 mm"; VariantName = "[No Variations]"
Add component (AddParameter): Name = "Qty"; Value = "35 PCS"; VariantName = "[No Variations]"
Add component (AddParameter): Name = "Rated_current_min_no_of_poles_TU_20_deg_C"; Value = "19 A"; VariantName = "[No Variations]"
Add component (AddParameter): Name = "Rated_current_use_group_B_UL_1059"; Value = "12 A"; VariantName = "[No Variations]"
Add component (AddParameter): Name = "Rated_voltage_for_surge_voltage_class_pollution_degree_II_2"; Value = "320 V"; VariantName = "[No Variations]"
Add component (AddParameter): Name = "Rated_voltage_use_group_B_UL_1059"; Value = "300 V"; VariantName = "[No Variations]"
Add component (AddParameter): Name = "Revision"; Value = "V1"; VariantName = "[No Variations]"
Add component (AddParameter): Name = "Short_text_for_material"; Value = "LSF-SMT 3.81/04/90 3.5SN BK TU"; VariantName = "[No Variations]"
Add component (AddParameter): Name = "Side_termination_characteristic"; Value = "closed side"; VariantName = "[No Variations]"
Add component (AddParameter): Name = "Solder_pin_length_mm"; Value = "3,5 mm"; VariantName = "[No Variations]"
Add component (AddParameter): Name = "Solid_max_H05_07_V_U"; Value = "1,5 mm²"; VariantName = "[No Variations]"
Add component (AddParameter): Name = "Solid_min_H05_07_V_U"; Value = "0,2 mm²"; VariantName = "[No Variations]"
Add component (AddParameter): Name = "UL_94_flammability_rating"; Value = "V-0"; VariantName = "[No Variations]"
Add component (AddParameter): Name = "Wire_cross_section_AWG_max_UL_1059"; Value = "AWG 16"; VariantName = "[No Variations]"
Add component (AddParameter): Name = "Wire_cross_section_AWG_min_UL_1059"; Value = "AWG 24"; VariantName = "[No Variations]"
Added Pin To Net: NetName=GND Pin=E1-A2
Added Pin To Net: NetName=GND Pin=E1-A2
Added Pin To Net: NetName=GND Pin=E2-A1
Added Pin To Net: NetName=GND Pin=E2-A1
Added Pin To Net: NetName=GND Pin=E2-A2
Added Pin To Net: NetName=GND Pin=E2-A2
Added Pin To Net: NetName=GND Pin=E2-A3
Added Pin To Net: NetName=GND Pin=E2-A3
Added Pin To Net: NetName=GND Pin=E2-A4
Added Pin To Net: NetName=GND Pin=E2-A4
Added Pin To Net: NetName=12V Pin=E1-A1
Added Pin To Net: NetName=12V Pin=E1-A1
Added Pin To Net: NetName=12V Pin=E3-A1
Added Pin To Net: NetName=12V Pin=E3-A1
Added Pin To Net: NetName=12V Pin=E3-A2
Added Pin To Net: NetName=12V Pin=E3-A2
Added Pin To Net: NetName=12V Pin=E3-A3
Added Pin To Net: NetName=12V Pin=E3-A3
Added Pin To Net: NetName=12V Pin=E3-A4
Added Pin To Net: NetName=12V Pin=E3-A4
Added Net: Name=12V
Added Member To Class: ClassName=ArduinoUnoShield Member=Component E1 1824420000
Added Member To Class: ClassName=ArduinoUnoShield Member=Component E2 1824640000
Added Member To Class: ClassName=ArduinoUnoShield Member=Component E3 1824640000
